[21:55:40] [Server thread/INFO]: Starting minecraft server version 1.8.8
[21:55:40] [Server thread/INFO]: Loading properties
[21:55:40] [Server thread/INFO]: Default game type: SURVIVAL
[21:55:40] [Server thread/INFO]: This server is running FoxSpigot version 1.8.8-R0.1-SNAPSHOT (MC: 1.8.8) (Implementing API version 1.8.8-R0.1-SNAPSHOT)
[21:55:41] [Server thread/INFO]: Debug logging is disabled
[21:55:41] [Server thread/INFO]: Spigot Timings: true - Verbose: true - Interval: 5m - Length: 60m
[21:55:41] [Server thread/INFO]: Server Ping Player Sample Count: 12
[21:55:41] [Server thread/INFO]: Using 4 threads for Netty based IO
[21:55:41] [Server thread/INFO]: Data value allowed items: 
[21:55:41] [Server thread/INFO]: Generating keypair
[21:55:41] [Server thread/INFO]: Starting Minecraft server on *:25565
[21:55:41] [Server thread/INFO]: Using default channel type
[21:55:41] [Server thread/ERROR]: Could not load 'plugins\Hub.jar' in folder 'plugins'
org.bukkit.plugin.InvalidDescriptionException: Invalid plugin.yml
	at org.bukkit.plugin.java.JavaPluginLoader.getPluginDescription(JavaPluginLoader.java:152) ~[Toothless.jar:1.8.8-R0.1-SNAPSHOT]
	at org.bukkit.plugin.SimplePluginManager.loadPlugins(SimplePluginManager.java:136) [Toothless.jar:1.8.8-R0.1-SNAPSHOT]
	at org.bukkit.craftbukkit.v1_8_R3.CraftServer.loadPlugins(CraftServer.java:299) [Toothless.jar:1.8.8-R0.1-SNAPSHOT]
	at net.minecraft.server.v1_8_R3.DedicatedServer.init(DedicatedServer.java:206) [Toothless.jar:1.8.8-R0.1-SNAPSHOT]
	at net.minecraft.server.v1_8_R3.MinecraftServer.run(MinecraftServer.java:648) [Toothless.jar:1.8.8-R0.1-SNAPSHOT]
	at java.lang.Thread.run(Unknown Source) [?:1.8.0_271]
Caused by: java.io.FileNotFoundException: Jar does not contain plugin.yml
	... 6 more
[21:55:41] [Server thread/INFO]: Set PluginClassLoader as parallel capable
[21:55:41] [Server thread/INFO]: [PermissionsEx] Loading PermissionsEx v1.23.4
[21:55:41] [Server thread/INFO]: [Vault] Loading Vault v1.5.6-b49
[21:55:41] [Server thread/INFO]: [ProtocolSupport] Loading ProtocolSupport v4.23.dev
[21:55:41] [Server thread/INFO]: [ProtocolSupport] Allocator: PooledByteBufAllocator(directByDefault: true), direct: true
[21:55:41] [Server thread/INFO]: [ProtocolSupport] Compression level: 3
[21:55:41] [Server thread/INFO]: [ProtocolSupport] Assume 1.5.2 ping delay: 100
[21:55:41] [Server thread/INFO]: [ProtocolSupport] Assume legacy ping dealy: 200
[21:55:41] [Server thread/INFO]: [ProtocolSupport] Login threads max count: 8, keep alive time: 60
[21:55:41] [Server thread/WARN]: [ProtocolSupport] Native transport is enabled, this may causes issues. Disable it by setting use-native-transport in server.properties to false.
[21:55:42] [Server thread/INFO]: [ProtocolSupport] Using injected ServerConnection
[21:55:42] [Server thread/INFO]: [PlaceholderAPI] Loading PlaceholderAPI v2.10.4
[21:55:42] [Server thread/INFO]: [ProtocolLib] Loading ProtocolLib v4.5.0
[21:55:42] [Server thread/INFO]: [AquaCore] Loading AquaCore v2.1.2
[21:55:42] [Server thread/INFO]: [BetterTeams] Loading BetterTeams v3.0.3
[21:55:42] [Server thread/INFO]: [AConomy] Loading AConomy v2.3
[21:55:42] [Server thread/INFO]: [Vault] Enabling Vault v1.5.6-b49
[21:55:42] [Server thread/INFO]: [Vault] [Permission] PermissionsEx found: Waiting
[21:55:42] [Server thread/INFO]: [Vault] [Permission] SuperPermissions loaded as backup permission system.
[21:55:42] [Server thread/INFO]: [Vault] [Chat] PermissionsEx found: Waiting
[21:55:42] [Server thread/INFO]: [Vault] Enabled Version 1.5.6-b49
[21:55:42] [Server thread/INFO]: [ProtocolSupport] Enabling ProtocolSupport v4.23.dev
[21:55:42] [Server thread/INFO]: [ProtocolLib] Enabling ProtocolLib v4.5.0
[21:55:42] [Server thread/INFO]: [ProtocolLib] Started structure compiler thread.
[21:55:42] [Server thread/INFO]: [AConomy] Enabling AConomy v2.3
[21:55:42] [Server thread/INFO]: [0;37;22m============================[m
[21:55:42] [Server thread/INFO]: [0;36;1mAConomy [0;32;1mEnabled![m
[21:55:42] [Server thread/INFO]: [0;36;1mVersion: [0;32;1m2.3[m
[21:55:42] [Server thread/INFO]: [0;36;1mAuthor: [0;32;1mAbcik[m
[21:55:42] [Server thread/INFO]: [0;37;22m============================[m
[21:55:42] [Server thread/INFO]: **** Beginning UUID conversion, this may take A LONG time ****
[21:55:42] [Server thread/INFO]: Preparing level "world"
[21:55:42] [Server thread/INFO]: -------- World Settings For [world] --------
[21:55:42] [Server thread/INFO]: Item Despawn Rate: 6000
[21:55:42] [Server thread/INFO]: Item Merge Radius: 2.5
[21:55:42] [Server thread/INFO]: Hopper Transfer: 8 Hopper Check: 8 Hopper Amount: 1
[21:55:42] [Server thread/INFO]: Max TNT Explosions: 100
[21:55:42] [Server thread/INFO]: Structure Info Saving: true
[21:55:42] [Server thread/INFO]: Sending up to 10 chunks per packet
[21:55:42] [Server thread/INFO]: Random Lighting Updates: false
[21:55:42] [Server thread/INFO]: Tile Max Tick Time: 50ms Entity max Tick Time: 50ms
[21:55:42] [Server thread/INFO]: Entity Tracking Range: Pl 48 / An 48 / Mo 48 / Mi 32 / Other 64
[21:55:42] [Server thread/INFO]: Cactus Growth Modifier: 100%
[21:55:42] [Server thread/INFO]: Cane Growth Modifier: 100%
[21:55:42] [Server thread/INFO]: Melon Growth Modifier: 100%
[21:55:42] [Server thread/INFO]: Mushroom Growth Modifier: 100%
[21:55:42] [Server thread/INFO]: Pumpkin Growth Modifier: 100%
[21:55:42] [Server thread/INFO]: Sapling Growth Modifier: 100%
[21:55:42] [Server thread/INFO]: Wheat Growth Modifier: 100%
[21:55:42] [Server thread/INFO]: NetherWart Growth Modifier: 100%
[21:55:42] [Server thread/INFO]: Entity Activation Range: An 32 / Mo 32 / Mi 16
[21:55:42] [Server thread/INFO]: Nerfing mobs spawned from spawners: false
[21:55:42] [Server thread/INFO]: Mob Spawn Range: 4
[21:55:42] [Server thread/INFO]: Anti X-Ray: true
[21:55:42] [Server thread/INFO]: 	Engine Mode: 1
[21:55:42] [Server thread/INFO]: 	Hidden Blocks: [14, 15, 16, 21, 48, 49, 54, 56, 73, 74, 82, 129, 130]
[21:55:42] [Server thread/INFO]: 	Replace Blocks: [1, 5]
[21:55:42] [Server thread/INFO]: Allow Zombie Pigmen to spawn from portal blocks: true
[21:55:42] [Server thread/INFO]: Arrow Despawn Rate: 1200
[21:55:42] [Server thread/INFO]: View Distance: 10
[21:55:42] [Server thread/INFO]: Experience Merge Radius: 3.0
[21:55:42] [Server thread/INFO]: Chunks to Grow per Tick: 650
[21:55:42] [Server thread/INFO]: Clear tick list: false
[21:55:42] [Server thread/INFO]: Zombie Aggressive Towards Villager: true
[21:55:42] [Server thread/INFO]: Max Entity Collisions: 8
[21:55:42] [Server thread/INFO]: Custom Map Seeds:  Village: 10387312 Feature: 14357617
[21:55:42] [Server thread/INFO]: -------- World Settings For [world] --------
[21:55:42] [Server thread/INFO]: Squids will spawn between Y: 45.0 and Y: 63.0
[21:55:42] [Server thread/INFO]: Living Entity Despawn Ranges:  Soft: 32 Hard: 128
[21:55:42] [Server thread/INFO]: Water over lava flow speed: 5
[21:55:42] [Server thread/INFO]: Keep spawn chunk loaded: true
[21:55:42] [Server thread/INFO]: Fix TNT cannons: false
[21:55:42] [Server thread/INFO]: World async lighting: false
[21:55:42] [Server thread/INFO]: WorldServer TickNextTick cap set at 10000
[21:55:42] [Server thread/INFO]: WorldServer TickNextTickList cap always processes redstone: false
[21:55:42] [Server thread/INFO]: Allow undead horse types to be leashed: false
[21:55:42] [Server thread/INFO]: Remove invalid mob spawner tile entities: true
[21:55:42] [Server thread/INFO]: Player blocking damage multiplier set to 0.5
[21:55:42] [Server thread/INFO]: Max height for cactus growth 3. Max height for reed growth 3
[21:55:42] [Server thread/INFO]: -------- World Settings For [world_nether] --------
[21:55:42] [Server thread/INFO]: Item Despawn Rate: 6000
[21:55:42] [Server thread/INFO]: Item Merge Radius: 2.5
[21:55:42] [Server thread/INFO]: Hopper Transfer: 8 Hopper Check: 8 Hopper Amount: 1
[21:55:42] [Server thread/INFO]: Max TNT Explosions: 100
[21:55:42] [Server thread/INFO]: Structure Info Saving: true
[21:55:42] [Server thread/INFO]: Sending up to 10 chunks per packet
[21:55:42] [Server thread/INFO]: Random Lighting Updates: false
[21:55:42] [Server thread/INFO]: Tile Max Tick Time: 50ms Entity max Tick Time: 50ms
[21:55:42] [Server thread/INFO]: Entity Tracking Range: Pl 48 / An 48 / Mo 48 / Mi 32 / Other 64
[21:55:42] [Server thread/INFO]: Cactus Growth Modifier: 100%
[21:55:42] [Server thread/INFO]: Cane Growth Modifier: 100%
[21:55:42] [Server thread/INFO]: Melon Growth Modifier: 100%
[21:55:42] [Server thread/INFO]: Mushroom Growth Modifier: 100%
[21:55:42] [Server thread/INFO]: Pumpkin Growth Modifier: 100%
[21:55:42] [Server thread/INFO]: Sapling Growth Modifier: 100%
[21:55:42] [Server thread/INFO]: Wheat Growth Modifier: 100%
[21:55:42] [Server thread/INFO]: NetherWart Growth Modifier: 100%
[21:55:42] [Server thread/INFO]: Entity Activation Range: An 32 / Mo 32 / Mi 16
[21:55:42] [Server thread/INFO]: Nerfing mobs spawned from spawners: false
[21:55:42] [Server thread/INFO]: Mob Spawn Range: 4
[21:55:42] [Server thread/INFO]: Anti X-Ray: true
[21:55:42] [Server thread/INFO]: 	Engine Mode: 1
[21:55:42] [Server thread/INFO]: 	Hidden Blocks: [14, 15, 16, 21, 48, 49, 54, 56, 73, 74, 82, 129, 130]
[21:55:42] [Server thread/INFO]: 	Replace Blocks: [1, 5]
[21:55:42] [Server thread/INFO]: Allow Zombie Pigmen to spawn from portal blocks: true
[21:55:42] [Server thread/INFO]: Arrow Despawn Rate: 1200
[21:55:42] [Server thread/INFO]: View Distance: 10
[21:55:42] [Server thread/INFO]: Experience Merge Radius: 3.0
[21:55:42] [Server thread/INFO]: Chunks to Grow per Tick: 650
[21:55:42] [Server thread/INFO]: Clear tick list: false
[21:55:42] [Server thread/INFO]: Zombie Aggressive Towards Villager: true
[21:55:42] [Server thread/INFO]: Max Entity Collisions: 8
[21:55:42] [Server thread/INFO]: Custom Map Seeds:  Village: 10387312 Feature: 14357617
[21:55:42] [Server thread/INFO]: -------- World Settings For [world_nether] --------
[21:55:42] [Server thread/INFO]: Squids will spawn between Y: 45.0 and Y: 63.0
[21:55:42] [Server thread/INFO]: Living Entity Despawn Ranges:  Soft: 32 Hard: 128
[21:55:42] [Server thread/INFO]: Water over lava flow speed: 5
[21:55:42] [Server thread/INFO]: Keep spawn chunk loaded: true
[21:55:42] [Server thread/INFO]: Fix TNT cannons: false
[21:55:42] [Server thread/INFO]: World async lighting: false
[21:55:42] [Server thread/INFO]: WorldServer TickNextTick cap set at 10000
[21:55:42] [Server thread/INFO]: WorldServer TickNextTickList cap always processes redstone: false
[21:55:42] [Server thread/INFO]: Allow undead horse types to be leashed: false
[21:55:42] [Server thread/INFO]: Remove invalid mob spawner tile entities: true
[21:55:42] [Server thread/INFO]: Player blocking damage multiplier set to 0.5
[21:55:42] [Server thread/INFO]: Max height for cactus growth 3. Max height for reed growth 3
[21:55:42] [Server thread/INFO]: -------- World Settings For [world_the_end] --------
[21:55:42] [Server thread/INFO]: Item Despawn Rate: 6000
[21:55:42] [Server thread/INFO]: Item Merge Radius: 2.5
[21:55:42] [Server thread/INFO]: Hopper Transfer: 8 Hopper Check: 8 Hopper Amount: 1
[21:55:42] [Server thread/INFO]: Max TNT Explosions: 100
[21:55:42] [Server thread/INFO]: Structure Info Saving: true
[21:55:42] [Server thread/INFO]: Sending up to 10 chunks per packet
[21:55:42] [Server thread/INFO]: Random Lighting Updates: false
[21:55:42] [Server thread/INFO]: Tile Max Tick Time: 50ms Entity max Tick Time: 50ms
[21:55:42] [Server thread/INFO]: Entity Tracking Range: Pl 48 / An 48 / Mo 48 / Mi 32 / Other 64
[21:55:42] [Server thread/INFO]: Cactus Growth Modifier: 100%
[21:55:42] [Server thread/INFO]: Cane Growth Modifier: 100%
[21:55:42] [Server thread/INFO]: Melon Growth Modifier: 100%
[21:55:42] [Server thread/INFO]: Mushroom Growth Modifier: 100%
[21:55:42] [Server thread/INFO]: Pumpkin Growth Modifier: 100%
[21:55:42] [Server thread/INFO]: Sapling Growth Modifier: 100%
[21:55:42] [Server thread/INFO]: Wheat Growth Modifier: 100%
[21:55:42] [Server thread/INFO]: NetherWart Growth Modifier: 100%
[21:55:42] [Server thread/INFO]: Entity Activation Range: An 32 / Mo 32 / Mi 16
[21:55:42] [Server thread/INFO]: Nerfing mobs spawned from spawners: false
[21:55:42] [Server thread/INFO]: Mob Spawn Range: 4
[21:55:42] [Server thread/INFO]: Anti X-Ray: true
[21:55:42] [Server thread/INFO]: 	Engine Mode: 1
[21:55:42] [Server thread/INFO]: 	Hidden Blocks: [14, 15, 16, 21, 48, 49, 54, 56, 73, 74, 82, 129, 130]
[21:55:42] [Server thread/INFO]: 	Replace Blocks: [1, 5]
[21:55:42] [Server thread/INFO]: Allow Zombie Pigmen to spawn from portal blocks: true
[21:55:42] [Server thread/INFO]: Arrow Despawn Rate: 1200
[21:55:42] [Server thread/INFO]: View Distance: 10
[21:55:42] [Server thread/INFO]: Experience Merge Radius: 3.0
[21:55:42] [Server thread/INFO]: Chunks to Grow per Tick: 650
[21:55:42] [Server thread/INFO]: Clear tick list: false
[21:55:42] [Server thread/INFO]: Zombie Aggressive Towards Villager: true
[21:55:42] [Server thread/INFO]: Max Entity Collisions: 8
[21:55:42] [Server thread/INFO]: Custom Map Seeds:  Village: 10387312 Feature: 14357617
[21:55:42] [Server thread/INFO]: -------- World Settings For [world_the_end] --------
[21:55:42] [Server thread/INFO]: Squids will spawn between Y: 45.0 and Y: 63.0
[21:55:42] [Server thread/INFO]: Living Entity Despawn Ranges:  Soft: 32 Hard: 128
[21:55:42] [Server thread/INFO]: Water over lava flow speed: 5
[21:55:42] [Server thread/INFO]: Keep spawn chunk loaded: true
[21:55:42] [Server thread/INFO]: Fix TNT cannons: false
[21:55:42] [Server thread/INFO]: World async lighting: false
[21:55:42] [Server thread/INFO]: WorldServer TickNextTick cap set at 10000
[21:55:42] [Server thread/INFO]: WorldServer TickNextTickList cap always processes redstone: false
[21:55:42] [Server thread/INFO]: Allow undead horse types to be leashed: false
[21:55:42] [Server thread/INFO]: Remove invalid mob spawner tile entities: true
[21:55:42] [Server thread/INFO]: Player blocking damage multiplier set to 0.5
[21:55:42] [Server thread/INFO]: Max height for cactus growth 3. Max height for reed growth 3
[21:55:42] [Server thread/INFO]: Preparing start region for level 0 (Seed: -7509525913685597218)
[21:55:43] [Server thread/INFO]: Preparing start region for level 1 (Seed: -7509525913685597218)
[21:55:44] [Server thread/INFO]: Preparing start region for level 2 (Seed: -7509525913685597218)
[21:55:44] [Server thread/INFO]: [PermissionsEx] Enabling PermissionsEx v1.23.4
[21:55:44] [Server thread/INFO]: [PermissionsEx] Initializing file backend
[21:55:44] [Server thread/INFO]: [PermissionsEx] Permissions file successfully reloaded
[21:55:44] [Server thread/INFO]: [Vault][Permission] PermissionsEx hooked.
[21:55:44] [Server thread/INFO]: [Vault][Chat] PermissionsEx_Chat hooked.
[21:55:44] [Server thread/INFO]: [PlaceholderAPI] Enabling PlaceholderAPI v2.10.4
[21:55:44] [Server thread/INFO]: [PlaceholderAPI] Fetching available expansion information...
[21:55:44] [Server thread/INFO]: [AquaCore] Enabling AquaCore v2.1.2
[21:55:44] [Server thread/INFO]: [0;37;22m[[0;33;22mCore[0;37;22m] [0;31;1m[[0;31;1mLog[0;31;1m] [0;32;1mVault Provider successfully registered.[m
[21:55:45] [Server thread/INFO]: Cluster created with settings {hosts=[bduj47tl1i9w5rm-mongodb.services.clever-cloud.com:27017], mode=SINGLE, requiredClusterType=UNKNOWN, serverSelectionTimeout='30000 ms', maxWaitQueueSize=500}
[21:55:45] [cluster-ClusterId{value='5fc6bbe17e3205265a41e086', description='null'}-bduj47tl1i9w5rm-mongodb.services.clever-cloud.com:27017/INFO]: Opened connection [connectionId{localValue:1, serverValue:4874943}] to bduj47tl1i9w5rm-mongodb.services.clever-cloud.com:27017
[21:55:45] [cluster-ClusterId{value='5fc6bbe17e3205265a41e086', description='null'}-bduj47tl1i9w5rm-mongodb.services.clever-cloud.com:27017/INFO]: Monitor thread successfully connected to server with description ServerDescription{address=bduj47tl1i9w5rm-mongodb.services.clever-cloud.com:27017, type=REPLICA_SET_PRIMARY, state=CONNECTED, ok=true, version=ServerVersion{versionList=[4, 0, 3]}, minWireVersion=0, maxWireVersion=7, maxDocumentSize=16777216, logicalSessionTimeoutMinutes=30, roundTripTimeNanos=12909900, setName='rs0', canonicalAddress=n1-c2-mongodb-clevercloud-customers.services.clever-cloud.com:27017, hosts=[n1-c2-mongodb-clevercloud-customers.services.clever-cloud.com:27017, n2-c2-mongodb-clevercloud-customers.services.clever-cloud.com:27017], passives=[], arbiters=[n3-c2-mongodb-clevercloud-customers.services.clever-cloud.com:27017], primary='n1-c2-mongodb-clevercloud-customers.services.clever-cloud.com:27017', tagSet=TagSet{[]}, electionId=7fffffff0000000000000048, setVersion=5, lastWriteDate=Tue Dec 01 21:55:45 GMT 2020, lastUpdateTimeNanos=21472994459800}
[21:55:45] [Thread-8/WARN]: [PermissionsEx] The updater could not find any files for the project id 31279
[21:55:47] [Server thread/INFO]: [0;37;22m[[0;33;22mCore[0;37;22m] [0;31;1m[[0;31;1mLog[0;31;1m] [0;37;22m[[0;33;22mCore[0;37;22m] [0;32;1mCould not connect to redis, synchronization won't work with other servers, you will still be able to use AquaCore normally on this server. [0;37;22m(Lobby)[m
[21:55:47] [Server thread/INFO]: [0;37;22m[[0;31;1mPacket[0;37;22m] [0;33;1mPacket [0;36;1mGlobalPlayerUpdate [0;33;1mhas been registered.[m
[21:55:47] [Server thread/INFO]: [0;37;22m[[0;31;1mPacket[0;37;22m] [0;33;1mPacket [0;36;1mServerUpdate [0;33;1mhas been registered.[m
[21:55:47] [Server thread/INFO]: [0;37;22m[[0;31;1mPacket[0;37;22m] [0;33;1mPacket [0;36;1mPlayerAttachmentUpdate [0;33;1mhas been registered.[m
[21:55:47] [Server thread/INFO]: [0;37;22m[[0;31;1mPacket[0;37;22m] [0;33;1mPacket [0;36;1mPlayerPermissionUpdate [0;33;1mhas been registered.[m
[21:55:47] [Server thread/INFO]: [0;37;22m[[0;31;1mPacket[0;37;22m] [0;33;1mPacket [0;36;1mReportSave [0;33;1mhas been registered.[m
[21:55:47] [Server thread/INFO]: [0;37;22m[[0;31;1mPacket[0;37;22m] [0;33;1mPacket [0;36;1mGlobalBroadcastPermission [0;33;1mhas been registered.[m
[21:55:47] [Server thread/INFO]: [0;37;22m[[0;31;1mPacket[0;37;22m] [0;33;1mPacket [0;36;1mPlayerLeftFrozenPacket [0;33;1mhas been registered.[m
[21:55:47] [Server thread/INFO]: [0;37;22m[[0;31;1mPacket[0;37;22m] [0;33;1mPacket [0;36;1mPlayerMessage [0;33;1mhas been registered.[m
[21:55:47] [Server thread/INFO]: [0;37;22m[[0;31;1mPacket[0;37;22m] [0;33;1mPacket [0;36;1mServerAlert [0;33;1mhas been registered.[m
[21:55:47] [Server thread/INFO]: [0;37;22m[[0;31;1mPacket[0;37;22m] [0;33;1mPacket [0;36;1mServerCommand [0;33;1mhas been registered.[m
[21:55:47] [Server thread/INFO]: [0;37;22m[[0;31;1mPacket[0;37;22m] [0;33;1mPacket [0;36;1mServerStatusUpdate [0;33;1mhas been registered.[m
[21:55:47] [Server thread/INFO]: [0;37;22m[[0;31;1mPacket[0;37;22m] [0;33;1mPacket [0;36;1mPlayerPunishKick [0;33;1mhas been registered.[m
[21:55:47] [Server thread/INFO]: [0;37;22m[[0;31;1mPacket[0;37;22m] [0;33;1mPacket [0;36;1mPlayerRemovePunishment [0;33;1mhas been registered.[m
[21:55:47] [Server thread/INFO]: [0;37;22m[[0;31;1mPacket[0;37;22m] [0;33;1mPacket [0;36;1mPunishmentExecute [0;33;1mhas been registered.[m
[21:55:47] [Server thread/INFO]: [0;37;22m[[0;31;1mPacket[0;37;22m] [0;33;1mPacket [0;36;1mGrantsUpdate [0;33;1mhas been registered.[m
[21:55:47] [Server thread/INFO]: [0;37;22m[[0;31;1mPacket[0;37;22m] [0;33;1mPacket [0;36;1mRankDelete [0;33;1mhas been registered.[m
[21:55:47] [Server thread/INFO]: [0;37;22m[[0;31;1mPacket[0;37;22m] [0;33;1mPacket [0;36;1mRankUpdate [0;33;1mhas been registered.[m
[21:55:47] [Server thread/INFO]: [0;37;22m[[0;31;1mPacket[0;37;22m] [0;33;1mPacket [0;36;1mStaffDisconnect [0;33;1mhas been registered.[m
[21:55:47] [Server thread/INFO]: [0;37;22m[[0;31;1mPacket[0;37;22m] [0;33;1mPacket [0;36;1mStaffJoin [0;33;1mhas been registered.[m
[21:55:47] [Server thread/INFO]: [0;37;22m[[0;31;1mPacket[0;37;22m] [0;33;1mPacket [0;36;1mStaffSwitch [0;33;1mhas been registered.[m
[21:55:47] [Server thread/INFO]: [0;37;22m[[0;31;1mPacket[0;37;22m] [0;33;1mPacket [0;36;1mAltUpdate [0;33;1mhas been registered.[m
[21:55:47] [Server thread/INFO]: [0;37;22m[[0;31;1mPacket[0;37;22m] [0;33;1mPacket [0;36;1mGlobalPlayerStatsUpdate [0;33;1mhas been registered.[m
[21:55:47] [Server thread/INFO]: [0;37;22m[[0;31;1mPacket[0;37;22m] [0;33;1mPacket [0;36;1mTagsUpdate [0;33;1mhas been registered.[m
[21:55:47] [Server thread/INFO]: [0;37;22m[[0;31;1mPacket[0;37;22m] [0;33;1mPacket [0;36;1mMaintenanceUpdate [0;33;1mhas been registered.[m
[21:55:47] [Server thread/INFO]: [0;37;22m[[0;31;1mPacket[0;37;22m] [0;33;1mPacket [0;36;1mTagsImport [0;33;1mhas been registered.[m
[21:55:47] [Server thread/INFO]: [0;37;22m[[0;31;1mPacket[0;37;22m] [0;33;1mSuccessfully registered packets. [0;37;22m([0;36;1m25 total[0;37;22m)[m
[21:55:47] [Server thread/INFO]: [0;37;22m[[0;33;22mCore[0;37;22m] [0;31;1m[[0;31;1mLog[0;31;1m] [0;32;1mPlaceholder API expansion successfully registered.[m
[21:55:47] [Server thread/INFO]: [0;31;1m==========[0;37;22m===============================[0;31;1m==========[m
[21:55:47] [Server thread/INFO]: [0;33;1mAquaCore has been successfully loaded.[m
[21:55:47] [Server thread/INFO]: [m
[21:55:47] [Server thread/INFO]: [0;33;1mName[0;37;22m: [0;36;22mAquaCore[m
[21:55:47] [Server thread/INFO]: [0;33;1mAuthor[0;37;22m: [0;36;22m[FaceSlap_/Activated_][m
[21:55:47] [Server thread/INFO]:  [m
[21:55:47] [Server thread/INFO]: [0;33;1mMongo[0;37;22m: [0;32;1m[0;32;1mEnabled[m
[21:55:47] [Server thread/INFO]: [0;33;1mRedis[0;37;22m: [0;32;1m[0;31;1mDisabled[m
[21:55:47] [Server thread/INFO]:  [m
[21:55:47] [Server thread/INFO]: [0;33;1mYou're currently running [0;33;22mv2.1.2 [0;33;1mversion of [0;36;1mAquaCore[0;33;1m![m
[21:55:47] [Server thread/INFO]: [0;31;1m==========[0;37;22m===============================[0;31;1m==========[m
[21:55:47] [Server thread/INFO]: [BetterTeams] Enabling BetterTeams v3.0.3
[21:55:47] [Server thread/INFO]: version = 1
[21:55:47] [Server thread/INFO]: Server permissions file permissions.yml is empty, ignoring it
[21:55:47] [Server thread/INFO]: Done (5.199s)! For help, type "help" or "?"
[21:55:47] [Server thread/INFO]: Timings Reset
[21:55:47] [Server thread/INFO]: [PlaceholderAPI] Placeholder expansion registration initializing...
[21:55:47] [Craft Scheduler Thread - 1/INFO]: [0;37;22m[[0;33;22mCore[0;37;22m] [0;37;22m[[0;31;22mServerManager[0;37;22m] [0;36;1mLobby [0;36;22mhas just came [0;32;1monline [0;36;1mand will be joinable in [0;36;1m5 seconds[0;36;22m![m
[21:55:47] [Craft Scheduler Thread - 8/INFO]: [Vault] Checking for Updates ... 
[21:55:47] [Server thread/INFO]: [PlaceholderAPI] Successfully registered expansion: player
[21:55:47] [Server thread/INFO]: [PlaceholderAPI] Successfully registered expansion: server
[21:55:47] [Server thread/INFO]: [PlaceholderAPI] Successfully registered expansion: statistic
[21:55:47] [Server thread/INFO]: [PlaceholderAPI] Successfully registered expansion: vault
[21:55:47] [Craft Scheduler Thread - 6/INFO]: Opened connection [connectionId{localValue:3, serverValue:4874946}] to bduj47tl1i9w5rm-mongodb.services.clever-cloud.com:27017
[21:55:47] [Craft Scheduler Thread - 2/INFO]: Opened connection [connectionId{localValue:2, serverValue:4874945}] to bduj47tl1i9w5rm-mongodb.services.clever-cloud.com:27017
[21:55:47] [Craft Scheduler Thread - 4/INFO]: [PlaceholderAPI] 179 placeholder expansions are available on the cloud.
[21:55:47] [Craft Scheduler Thread - 4/INFO]: [PlaceholderAPI] 3 installed expansions have updates available.
[21:55:47] [Craft Scheduler Thread - 8/WARN]: [Vault] Stable Version: 1.7.3 is out! You are still running version: 1.5.6
[21:55:47] [Craft Scheduler Thread - 8/WARN]: [Vault] Update at: http://dev.bukkit.org/server-mods/vault
[21:55:47] [Server thread/INFO]: [PlaceholderAPI] An update for PlaceholderAPI (v2.10.9) is available at:
[21:55:47] [Server thread/INFO]: [PlaceholderAPI] https://www.spigotmc.org/resources/placeholderapi.6245/
